Starting the New Relic Agent.
NewRelic Agent Developer Mode enabled.
To view performance information, go to http://localhost:3000/newrelic
Installed New Relic Browser Monitoring middleware
Starting the New Relic Agent.
MongoDB logging. Please note that logging negatively impacts performance and should be disabled for high-performance production apps.
MONGODB admin['$cmd'].ismaster({:ismaster=>1})
MONGODB admin['$cmd'].ismaster({:ismaster=>1})


Started GET "/login" for 127.0.0.1 at Wed Apr 11 14:40:25 +0530 2012
  Processing by SessionsController#new as HTML
MONGODB graylog2_development['system.namespaces'].find({})
MONGODB graylog2_development['$cmd'].count({"count"=>"users", "query"=>{}, "fields"=>nil})
Rendered sessions/new.html.erb within layouts/login (346.1ms)
MONGODB graylog2_development['$cmd'].count({"count"=>"users", "query"=>{}, "fields"=>nil})
Completed 200 OK in 402ms (Views: 376.8ms)


Started POST "/session" for 127.0.0.1 at Wed Apr 11 14:40:36 +0530 2012
  Processing by SessionsController#create as HTML
  Parameters: {"login"=>"admin", "password"=>"[FILTERED]", "utf8"=>"✓", "authenticity_token"=>"KlFRrIYafEyS4GGj888siHnc1/180LNu88WkNMLZdt4="}
MONGODB graylog2_development['system.namespaces'].find({})
MONGODB graylog2_development['users'].find({:login=>"admin"}).sort(_idasc)
Redirected to http://localhost:3000/
Completed 302 Found in 156ms


Started GET "/" for 127.0.0.1 at Wed Apr 11 14:40:36 +0530 2012
  Processing by MessagesController#index as HTML
MONGODB graylog2_development['system.namespaces'].find({})
MONGODB graylog2_development['users'].find({:_id=>BSON::ObjectId('4f72e763436d81311a000002')}).sort(_idasc)
MONGODB graylog2_development['system.namespaces'].find({})
MONGODB graylog2_development['$cmd'].count({"count"=>"streams", "query"=>{:_id=>{"$in"=>[]}}, "fields"=>nil})
MONGODB graylog2_development['system.namespaces'].find({})
MONGODB graylog2_development['jobs'].find({:title=>"streamsubscription_check"}).sort(_idasc)
MONGODB graylog2_development['jobs'].find({:title=>"streamalarm_check"}).sort(_idasc)
Rendered messages/_sidebar_index.html.erb (147.4ms)
Rendered shared/_quickfilter_button.html.erb (0.5ms)
Rendered messages/_version_check.html.erb (0.6ms)
MONGODB graylog2_development['system.namespaces'].find({})
MONGODB graylog2_development['settings'].find({:setting_type=>2, :user_id=>BSON::ObjectId('4f72e763436d81311a000002')}).sort(_idasc)
MONGODB graylog2_development['settings'].find({:setting_type=>2, :user_id=>BSON::ObjectId('4f72e763436d81311a000002')}).sort(_idasc)
MONGODB graylog2_development['system.namespaces'].find({})
MONGODB graylog2_development['message_counts'].find({:timestamp=>{"$gte"=>1334134837}})
Rendered messages/_message_table_header.erb (230.7ms)
MONGODB graylog2_development['system.namespaces'].find({})
MONGODB graylog2_development['hosts'].find({})
Rendered messages/_quickfilter.html.erb (23.7ms)
MONGODB graylog2_development['settings'].find({:setting_type=>1, :user_id=>BSON::ObjectId('4f72e763436d81311a000002')}).sort(_idasc)
Rendered messages/_table.html.erb (4.0ms)
Rendered messages/index.html.erb within layouts/application (431.5ms)
MONGODB graylog2_development['system.namespaces'].find({})
MONGODB graylog2_development['server_values'].find({"type"=>"total_throughput"}).sort(_idasc)
MONGODB graylog2_development['server_values'].find({"type"=>"message_queue_current_size"}).sort(_idasc)
MONGODB graylog2_development['server_values'].find({"type"=>"ping"}).sort(_idasc)
Completed 200 OK in 874ms (Views: 521.1ms)


Started GET "/versioncheck/perform" for 127.0.0.1 at Wed Apr 11 14:40:37 +0530 2012
  Processing by VersioncheckController#perform as */*
MONGODB graylog2_development['system.namespaces'].find({})
MONGODB graylog2_development['users'].find({:_id=>BSON::ObjectId('4f72e763436d81311a000002')}).sort(_idasc)
MONGODB graylog2_development['users'].update({"_id"=>BSON::ObjectId('4f72e763436d81311a000002')}, {"$set"=>{"last_version_check"=>1334135438}})
Rendered text template (0.0ms)
Completed 200 OK in 5680ms (Views: 32.9ms)


Started POST "/visuals/fetch/totalgraph?hours=2" for 127.0.0.1 at Wed Apr 11 14:40:43 +0530 2012
  Processing by VisualsController#fetch as */*
  Parameters: {"hours"=>"2", "id"=>"totalgraph"}
MONGODB graylog2_development['system.namespaces'].find({})
MONGODB graylog2_development['users'].find({:_id=>BSON::ObjectId('4f72e763436d81311a000002')}).sort(_idasc)
MONGODB graylog2_development['system.namespaces'].find({})
MONGODB graylog2_development['message_counts'].find({:timestamp=>{"$gte"=>1334128243}})
Completed 200 OK in 167ms (Views: 5.6ms)


Started POST "/health/currentthroughput" for 127.0.0.1 at Wed Apr 11 14:40:43 +0530 2012
  Processing by HealthController#currentthroughput as */*
MONGODB graylog2_development['system.namespaces'].find({})
MONGODB graylog2_development['users'].find({:_id=>BSON::ObjectId('4f72e763436d81311a000002')}).sort(_idasc)
MONGODB graylog2_development['system.namespaces'].find({})
MONGODB graylog2_development['server_values'].find({"type"=>"total_throughput"}).sort(_idasc)
Completed 200 OK in 173ms (Views: 5.3ms)


Started POST "/health/currentmqsize" for 127.0.0.1 at Wed Apr 11 14:40:44 +0530 2012
  Processing by HealthController#currentmqsize as */*
MONGODB graylog2_development['system.namespaces'].find({})
MONGODB graylog2_development['users'].find({:_id=>BSON::ObjectId('4f72e763436d81311a000002')}).sort(_idasc)
MONGODB graylog2_development['system.namespaces'].find({})
MONGODB graylog2_development['server_values'].find({"type"=>"message_queue_current_size"}).sort(_idasc)
Completed 200 OK in 177ms (Views: 5.6ms)


Started POST "/health/currentthroughput" for 127.0.0.1 at Wed Apr 11 14:40:47 +0530 2012
  Processing by HealthController#currentthroughput as */*
MONGODB graylog2_development['system.namespaces'].find({})
MONGODB graylog2_development['users'].find({:_id=>BSON::ObjectId('4f72e763436d81311a000002')}).sort(_idasc)
MONGODB graylog2_development['system.namespaces'].find({})
MONGODB graylog2_development['server_values'].find({"type"=>"total_throughput"}).sort(_idasc)
Completed 200 OK in 168ms (Views: 5.2ms)


Started POST "/health/currentmqsize" for 127.0.0.1 at Wed Apr 11 14:40:47 +0530 2012
  Processing by HealthController#currentmqsize as */*
MONGODB graylog2_development['system.namespaces'].find({})
MONGODB graylog2_development['users'].find({:_id=>BSON::ObjectId('4f72e763436d81311a000002')}).sort(_idasc)
MONGODB graylog2_development['system.namespaces'].find({})
MONGODB graylog2_development['server_values'].find({"type"=>"message_queue_current_size"}).sort(_idasc)
Completed 200 OK in 70ms (Views: 5.4ms)


Started POST "/health/currentthroughput" for 127.0.0.1 at Wed Apr 11 14:40:52 +0530 2012
  Processing by HealthController#currentthroughput as */*
MONGODB graylog2_development['system.namespaces'].find({})
MONGODB graylog2_development['users'].find({:_id=>BSON::ObjectId('4f72e763436d81311a000002')}).sort(_idasc)
MONGODB graylog2_development['system.namespaces'].find({})
MONGODB graylog2_development['server_values'].find({"type"=>"total_throughput"}).sort(_idasc)
Completed 200 OK in 67ms (Views: 5.2ms)


Started POST "/health/currentmqsize" for 127.0.0.1 at Wed Apr 11 14:40:52 +0530 2012
  Processing by HealthController#currentmqsize as */*
MONGODB graylog2_development['system.namespaces'].find({})
MONGODB graylog2_development['users'].find({:_id=>BSON::ObjectId('4f72e763436d81311a000002')}).sort(_idasc)
MONGODB graylog2_development['system.namespaces'].find({})
MONGODB graylog2_development['server_values'].find({"type"=>"message_queue_current_size"}).sort(_idasc)
Completed 200 OK in 71ms (Views: 5.3ms)


Started POST "/health/currentthroughput" for 127.0.0.1 at Wed Apr 11 14:40:57 +0530 2012
  Processing by HealthController#currentthroughput as */*
MONGODB graylog2_development['system.namespaces'].find({})
MONGODB graylog2_development['users'].find({:_id=>BSON::ObjectId('4f72e763436d81311a000002')}).sort(_idasc)
MONGODB graylog2_development['system.namespaces'].find({})
MONGODB graylog2_development['server_values'].find({"type"=>"total_throughput"}).sort(_idasc)
Completed 200 OK in 69ms (Views: 5.0ms)


Started POST "/health/currentmqsize" for 127.0.0.1 at Wed Apr 11 14:40:57 +0530 2012
  Processing by HealthController#currentmqsize as */*
MONGODB graylog2_development['system.namespaces'].find({})
MONGODB graylog2_development['users'].find({:_id=>BSON::ObjectId('4f72e763436d81311a000002')}).sort(_idasc)
MONGODB graylog2_development['system.namespaces'].find({})
MONGODB graylog2_development['server_values'].find({"type"=>"message_queue_current_size"}).sort(_idasc)
Completed 200 OK in 74ms (Views: 5.2ms)


Started POST "/health/currentthroughput" for 127.0.0.1 at Wed Apr 11 14:41:02 +0530 2012
  Processing by HealthController#currentthroughput as */*
MONGODB graylog2_development['system.namespaces'].find({})
MONGODB graylog2_development['users'].find({:_id=>BSON::ObjectId('4f72e763436d81311a000002')}).sort(_idasc)
MONGODB graylog2_development['system.namespaces'].find({})
MONGODB graylog2_development['server_values'].find({"type"=>"total_throughput"}).sort(_idasc)
Completed 200 OK in 72ms (Views: 5.3ms)


Started POST "/health/currentmqsize" for 127.0.0.1 at Wed Apr 11 14:41:02 +0530 2012
  Processing by HealthController#currentmqsize as */*
MONGODB graylog2_development['system.namespaces'].find({})
MONGODB graylog2_development['users'].find({:_id=>BSON::ObjectId('4f72e763436d81311a000002')}).sort(_idasc)
MONGODB graylog2_development['system.namespaces'].find({})
MONGODB graylog2_development['server_values'].find({"type"=>"message_queue_current_size"}).sort(_idasc)
Completed 200 OK in 77ms (Views: 5.1ms)


Started POST "/health/currentthroughput" for 127.0.0.1 at Wed Apr 11 14:41:07 +0530 2012
  Processing by HealthController#currentthroughput as */*
MONGODB graylog2_development['system.namespaces'].find({})
MONGODB graylog2_development['users'].find({:_id=>BSON::ObjectId('4f72e763436d81311a000002')}).sort(_idasc)
MONGODB graylog2_development['system.namespaces'].find({})
MONGODB graylog2_development['server_values'].find({"type"=>"total_throughput"}).sort(_idasc)
Completed 200 OK in 188ms (Views: 5.3ms)


Started POST "/health/currentmqsize" for 127.0.0.1 at Wed Apr 11 14:41:07 +0530 2012
  Processing by HealthController#currentmqsize as */*
MONGODB graylog2_development['system.namespaces'].find({})
MONGODB graylog2_development['users'].find({:_id=>BSON::ObjectId('4f72e763436d81311a000002')}).sort(_idasc)
MONGODB graylog2_development['system.namespaces'].find({})
MONGODB graylog2_development['server_values'].find({"type"=>"message_queue_current_size"}).sort(_idasc)
Completed 200 OK in 181ms (Views: 5.4ms)


Started POST "/health/currentthroughput" for 127.0.0.1 at Wed Apr 11 14:41:12 +0530 2012
  Processing by HealthController#currentthroughput as */*
MONGODB graylog2_development['system.namespaces'].find({})
MONGODB graylog2_development['users'].find({:_id=>BSON::ObjectId('4f72e763436d81311a000002')}).sort(_idasc)
MONGODB graylog2_development['system.namespaces'].find({})
MONGODB graylog2_development['server_values'].find({"type"=>"total_throughput"}).sort(_idasc)
Completed 200 OK in 184ms (Views: 5.2ms)


Started POST "/health/currentmqsize" for 127.0.0.1 at Wed Apr 11 14:41:12 +0530 2012
  Processing by HealthController#currentmqsize as */*
MONGODB graylog2_development['system.namespaces'].find({})
MONGODB graylog2_development['users'].find({:_id=>BSON::ObjectId('4f72e763436d81311a000002')}).sort(_idasc)
MONGODB graylog2_development['system.namespaces'].find({})
MONGODB graylog2_development['server_values'].find({"type"=>"message_queue_current_size"}).sort(_idasc)
Completed 200 OK in 180ms (Views: 5.3ms)


Started POST "/health/currentthroughput" for 127.0.0.1 at Wed Apr 11 14:41:17 +0530 2012
  Processing by HealthController#currentthroughput as */*
MONGODB graylog2_development['system.namespaces'].find({})
MONGODB graylog2_development['users'].find({:_id=>BSON::ObjectId('4f72e763436d81311a000002')}).sort(_idasc)
MONGODB graylog2_development['system.namespaces'].find({})
MONGODB graylog2_development['server_values'].find({"type"=>"total_throughput"}).sort(_idasc)
Completed 200 OK in 186ms (Views: 5.3ms)


Started POST "/health/currentmqsize" for 127.0.0.1 at Wed Apr 11 14:41:17 +0530 2012
  Processing by HealthController#currentmqsize as */*
MONGODB graylog2_development['system.namespaces'].find({})
MONGODB graylog2_development['users'].find({:_id=>BSON::ObjectId('4f72e763436d81311a000002')}).sort(_idasc)
MONGODB graylog2_development['system.namespaces'].find({})
MONGODB graylog2_development['server_values'].find({"type"=>"message_queue_current_size"}).sort(_idasc)
Completed 200 OK in 176ms (Views: 5.1ms)


Started POST "/health/currentthroughput" for 127.0.0.1 at Wed Apr 11 14:41:22 +0530 2012
  Processing by HealthController#currentthroughput as */*
MONGODB graylog2_development['system.namespaces'].find({})
MONGODB graylog2_development['users'].find({:_id=>BSON::ObjectId('4f72e763436d81311a000002')}).sort(_idasc)
MONGODB graylog2_development['system.namespaces'].find({})
MONGODB graylog2_development['server_values'].find({"type"=>"total_throughput"}).sort(_idasc)
Completed 200 OK in 179ms (Views: 5.4ms)


Started POST "/health/currentmqsize" for 127.0.0.1 at Wed Apr 11 14:41:22 +0530 2012
  Processing by HealthController#currentmqsize as */*
MONGODB graylog2_development['system.namespaces'].find({})
MONGODB graylog2_development['users'].find({:_id=>BSON::ObjectId('4f72e763436d81311a000002')}).sort(_idasc)
MONGODB graylog2_development['system.namespaces'].find({})
MONGODB graylog2_development['server_values'].find({"type"=>"message_queue_current_size"}).sort(_idasc)
Completed 200 OK in 165ms (Views: 97.5ms)


Started GET "/users" for 127.0.0.1 at Wed Apr 11 14:41:25 +0530 2012
  Processing by UsersController#index as HTML
MONGODB graylog2_development['system.namespaces'].find({})
MONGODB graylog2_development['users'].find({:_id=>BSON::ObjectId('4f72e763436d81311a000002')}).sort(_idasc)
MONGODB graylog2_development['users'].find({})
Rendered users/index.html.erb within layouts/application (4.3ms)
MONGODB graylog2_development['system.namespaces'].find({})
MONGODB graylog2_development['server_values'].find({"type"=>"total_throughput"}).sort(_idasc)
MONGODB graylog2_development['server_values'].find({"type"=>"message_queue_current_size"}).sort(_idasc)
MONGODB graylog2_development['server_values'].find({"type"=>"ping"}).sort(_idasc)
Completed 200 OK in 256ms (Views: 203.0ms)


Started GET "/users/4f72f1c3436d81366100000d/edit" for 127.0.0.1 at Wed Apr 11 14:41:28 +0530 2012
  Processing by UsersController#edit as HTML
  Parameters: {"id"=>"4f72f1c3436d81366100000d"}
MONGODB graylog2_development['system.namespaces'].find({})
MONGODB graylog2_development['users'].find({:_id=>BSON::ObjectId('4f72e763436d81311a000002')}).sort(_idasc)
MONGODB graylog2_development['users'].find({:_id=>BSON::ObjectId('4f72f1c3436d81366100000d')}).sort(_idasc)
MONGODB graylog2_development['system.namespaces'].find({})
MONGODB graylog2_development['streams'].find({})
MONGODB graylog2_development['streams'].find({:_id=>{"$in"=>[BSON::ObjectId('4f72ee8a436d813661000004')]}})
Rendered users/_user_form.html.erb (52.1ms)
Rendered users/edit.html.erb within layouts/application (62.5ms)
MONGODB graylog2_development['system.namespaces'].find({})
MONGODB graylog2_development['server_values'].find({"type"=>"total_throughput"}).sort(_idasc)
MONGODB graylog2_development['server_values'].find({"type"=>"message_queue_current_size"}).sort(_idasc)
MONGODB graylog2_development['server_values'].find({"type"=>"ping"}).sort(_idasc)
Completed 200 OK in 271ms (Views: 112.3ms)


Started GET "/settings" for 127.0.0.1 at Wed Apr 11 14:41:31 +0530 2012
  Processing by SettingsController#index as HTML
MONGODB graylog2_development['system.namespaces'].find({})
MONGODB graylog2_development['users'].find({:_id=>BSON::ObjectId('4f72e763436d81311a000002')}).sort(_idasc)
MONGODB graylog2_development['system.namespaces'].find({})
MONGODB graylog2_development['settings'].find({:setting_type=>1, :user_id=>BSON::ObjectId('4f72e763436d81311a000002')}).sort(_idasc)
MONGODB graylog2_development['settings'].find({:setting_type=>2, :user_id=>BSON::ObjectId('4f72e763436d81311a000002')}).sort(_idasc)
MONGODB graylog2_development['settings'].find({:setting_type=>3, :user_id=>BSON::ObjectId('4f72e763436d81311a000002')}).sort(_idasc)
Rendered settings/index.html.erb within layouts/application (24.0ms)
MONGODB graylog2_development['system.namespaces'].find({})
MONGODB graylog2_development['server_values'].find({"type"=>"total_throughput"}).sort(_idasc)
MONGODB graylog2_development['server_values'].find({"type"=>"message_queue_current_size"}).sort(_idasc)
MONGODB graylog2_development['server_values'].find({"type"=>"ping"}).sort(_idasc)
Completed 200 OK in 228ms (Views: 171.3ms)


Started GET "/messages" for 127.0.0.1 at Wed Apr 11 14:41:35 +0530 2012
  Processing by MessagesController#index as HTML
MONGODB graylog2_development['system.namespaces'].find({})
MONGODB graylog2_development['users'].find({:_id=>BSON::ObjectId('4f72e763436d81311a000002')}).sort(_idasc)
MONGODB graylog2_development['system.namespaces'].find({})
MONGODB graylog2_development['$cmd'].count({"count"=>"streams", "query"=>{:_id=>{"$in"=>[]}}, "fields"=>nil})
MONGODB graylog2_development['system.namespaces'].find({})
MONGODB graylog2_development['jobs'].find({:title=>"streamsubscription_check"}).sort(_idasc)
MONGODB graylog2_development['jobs'].find({:title=>"streamalarm_check"}).sort(_idasc)
Rendered messages/_sidebar_index.html.erb (72.0ms)
Rendered shared/_quickfilter_button.html.erb (0.1ms)
MONGODB graylog2_development['system.namespaces'].find({})
MONGODB graylog2_development['settings'].find({:setting_type=>2, :user_id=>BSON::ObjectId('4f72e763436d81311a000002')}).sort(_idasc)
MONGODB graylog2_development['settings'].find({:setting_type=>2, :user_id=>BSON::ObjectId('4f72e763436d81311a000002')}).sort(_idasc)
MONGODB graylog2_development['system.namespaces'].find({})
MONGODB graylog2_development['message_counts'].find({:timestamp=>{"$gte"=>1334134895}})
Rendered messages/_message_table_header.erb (138.7ms)
MONGODB graylog2_development['system.namespaces'].find({})
MONGODB graylog2_development['hosts'].find({})
Rendered messages/_quickfilter.html.erb (21.1ms)
MONGODB graylog2_development['settings'].find({:setting_type=>1, :user_id=>BSON::ObjectId('4f72e763436d81311a000002')}).sort(_idasc)
Rendered messages/_table.html.erb (2.6ms)
Rendered messages/index.html.erb within layouts/application (239.8ms)
MONGODB graylog2_development['system.namespaces'].find({})
MONGODB graylog2_development['server_values'].find({"type"=>"total_throughput"}).sort(_idasc)
MONGODB graylog2_development['server_values'].find({"type"=>"message_queue_current_size"}).sort(_idasc)
MONGODB graylog2_development['server_values'].find({"type"=>"ping"}).sort(_idasc)
Completed 200 OK in 484ms (Views: 279.6ms)


Started POST "/visuals/fetch/totalgraph?hours=2" for 127.0.0.1 at Wed Apr 11 14:41:35 +0530 2012
  Processing by VisualsController#fetch as */*
  Parameters: {"hours"=>"2", "id"=>"totalgraph"}
MONGODB graylog2_development['system.namespaces'].find({})
MONGODB graylog2_development['users'].find({:_id=>BSON::ObjectId('4f72e763436d81311a000002')}).sort(_idasc)
MONGODB graylog2_development['system.namespaces'].find({})
MONGODB graylog2_development['message_counts'].find({:timestamp=>{"$gte"=>1334128295}})
Completed 200 OK in 190ms (Views: 5.3ms)


Started POST "/health/currentthroughput" for 127.0.0.1 at Wed Apr 11 14:41:40 +0530 2012
  Processing by HealthController#currentthroughput as */*
MONGODB graylog2_development['system.namespaces'].find({})
MONGODB graylog2_development['users'].find({:_id=>BSON::ObjectId('4f72e763436d81311a000002')}).sort(_idasc)
MONGODB graylog2_development['system.namespaces'].find({})
MONGODB graylog2_development['server_values'].find({"type"=>"total_throughput"}).sort(_idasc)
Completed 200 OK in 179ms (Views: 5.3ms)


Started POST "/health/currentmqsize" for 127.0.0.1 at Wed Apr 11 14:41:40 +0530 2012
  Processing by HealthController#currentmqsize as */*
MONGODB graylog2_development['system.namespaces'].find({})
MONGODB graylog2_development['users'].find({:_id=>BSON::ObjectId('4f72e763436d81311a000002')}).sort(_idasc)
MONGODB graylog2_development['system.namespaces'].find({})
MONGODB graylog2_development['server_values'].find({"type"=>"message_queue_current_size"}).sort(_idasc)
Completed 200 OK in 189ms (Views: 5.6ms)


Started GET "/logout" for 127.0.0.1 at Wed Apr 11 14:41:41 +0530 2012
  Processing by SessionsController#destroy as HTML
MONGODB graylog2_development['system.namespaces'].find({})
MONGODB graylog2_development['users'].find({:_id=>BSON::ObjectId('4f72e763436d81311a000002')}).sort(_idasc)
Redirected to http://localhost:3000/
Completed 302 Found in 174ms


Started GET "/" for 127.0.0.1 at Wed Apr 11 14:41:41 +0530 2012
  Processing by MessagesController#index as HTML
Redirected to http://localhost:3000/login
Completed 302 Found in 4ms


Started GET "/login" for 127.0.0.1 at Wed Apr 11 14:41:41 +0530 2012
  Processing by SessionsController#new as HTML
MONGODB graylog2_development['system.namespaces'].find({})
MONGODB graylog2_development['$cmd'].count({"count"=>"users", "query"=>{}, "fields"=>nil})
Rendered sessions/new.html.erb within layouts/login (149.6ms)
MONGODB graylog2_development['$cmd'].count({"count"=>"users", "query"=>{}, "fields"=>nil})
Completed 200 OK in 180ms (Views: 163.6ms)
New Relic Agent not running.
New Relic Agent not running.
New Relic Agent not running.
New Relic Agent not running.
New Relic Agent not running.
New Relic Agent not running.
New Relic Agent not running.
New Relic Agent not running.
Starting the New Relic Agent.
NewRelic Agent Developer Mode enabled.
To view performance information, go to http://localhost:3000/newrelic
Installed New Relic Browser Monitoring middleware
Starting the New Relic Agent.
New Relic Agent not running.
New Relic Agent not running.
